<?xml version="1.0" encoding="UTF-8" ?>
<testsuite tests="50" failures="0" name="edu.ncsu.csc326.coffeemaker.InventoryTest" time="0.001" errors="0" skipped="0">
  <properties>
    <property name="java.runtime.name" value="Java(TM) SE Runtime Environment"/>
    <property name="sun.boot.library.path" value="/Library/Java/JavaVirtualMachines/jdk1.8.0_131.jdk/Contents/Home/jre/lib"/>
    <property name="java.vm.version" value="25.131-b11"/>
    <property name="gopherProxySet" value="false"/>
    <property name="java.vm.vendor" value="Oracle Corporation"/>
    <property name="maven.multiModuleProjectDirectory" value="/Users/aaronhein/Code/Java/CSCE747"/>
    <property name="java.vendor.url" value="http://java.oracle.com/"/>
    <property name="path.separator" value=":"/>
    <property name="guice.disable.misplaced.annotation.check" value="true"/>
    <property name="java.vm.name" value="Java HotSpot(TM) 64-Bit Server VM"/>
    <property name="file.encoding.pkg" value="sun.io"/>
    <property name="user.country" value="US"/>
    <property name="sun.java.launcher" value="SUN_STANDARD"/>
    <property name="sun.os.patch.level" value="unknown"/>
    <property name="java.vm.specification.name" value="Java Virtual Machine Specification"/>
    <property name="user.dir" value="/Users/aaronhein/Code/Java/CSCE747"/>
    <property name="java.runtime.version" value="1.8.0_131-b11"/>
    <property name="java.awt.graphicsenv" value="sun.awt.CGraphicsEnvironment"/>
    <property name="java.endorsed.dirs" value="/Library/Java/JavaVirtualMachines/jdk1.8.0_131.jdk/Contents/Home/jre/lib/endorsed"/>
    <property name="os.arch" value="x86_64"/>
    <property name="java.io.tmpdir" value="/var/folders/yy/j1w9rk012b521_6d9yqk9t9w0000gn/T/"/>
    <property name="line.separator" value="
"/>
    <property name="java.vm.specification.vendor" value="Oracle Corporation"/>
    <property name="os.name" value="Mac OS X"/>
    <property name="classworlds.conf" value="/usr/local/Cellar/maven/3.5.0/libexec/bin/m2.conf"/>
    <property name="sun.jnu.encoding" value="UTF-8"/>
    <property name="java.library.path" value="/Users/aaronhein/Library/Java/Extensions:/Library/Java/Extensions:/Network/Library/Java/Extensions:/System/Library/Java/Extensions:/usr/lib/java:."/>
    <property name="maven.conf" value="/usr/local/Cellar/maven/3.5.0/libexec/conf"/>
    <property name="java.specification.name" value="Java Platform API Specification"/>
    <property name="java.class.version" value="52.0"/>
    <property name="sun.management.compiler" value="HotSpot 64-Bit Tiered Compilers"/>
    <property name="os.version" value="10.13.3"/>
    <property name="library.jansi.path" value="/usr/local/Cellar/maven/3.5.0/libexec/lib/jansi-native/osx64"/>
    <property name="http.nonProxyHosts" value="local|*.local|169.254/16|*.169.254/16"/>
    <property name="user.home" value="/Users/aaronhein"/>
    <property name="user.timezone" value="America/New_York"/>
    <property name="java.awt.printerjob" value="sun.lwawt.macosx.CPrinterJob"/>
    <property name="java.specification.version" value="1.8"/>
    <property name="file.encoding" value="UTF-8"/>
    <property name="user.name" value="aaronhein"/>
    <property name="java.class.path" value="/usr/local/Cellar/maven/3.5.0/libexec/boot/plexus-classworlds-2.5.2.jar"/>
    <property name="java.vm.specification.version" value="1.8"/>
    <property name="sun.arch.data.model" value="64"/>
    <property name="java.home" value="/Library/Java/JavaVirtualMachines/jdk1.8.0_131.jdk/Contents/Home/jre"/>
    <property name="sun.java.command" value="org.codehaus.plexus.classworlds.launcher.Launcher clean package"/>
    <property name="java.specification.vendor" value="Oracle Corporation"/>
    <property name="user.language" value="en"/>
    <property name="awt.toolkit" value="sun.lwawt.macosx.LWCToolkit"/>
    <property name="java.vm.info" value="mixed mode"/>
    <property name="java.version" value="1.8.0_131"/>
    <property name="java.ext.dirs" value="/Users/aaronhein/Library/Java/Extensions:/Library/Java/JavaVirtualMachines/jdk1.8.0_131.jdk/Contents/Home/jre/lib/ext:/Library/Java/Extensions:/Network/Library/Java/Extensions:/System/Library/Java/Extensions:/usr/lib/java"/>
    <property name="sun.boot.class.path" value="/Library/Java/JavaVirtualMachines/jdk1.8.0_131.jdk/Contents/Home/jre/lib/resources.jar:/Library/Java/JavaVirtualMachines/jdk1.8.0_131.jdk/Contents/Home/jre/lib/rt.jar:/Library/Java/JavaVirtualMachines/jdk1.8.0_131.jdk/Contents/Home/jre/lib/sunrsasign.jar:/Library/Java/JavaVirtualMachines/jdk1.8.0_131.jdk/Contents/Home/jre/lib/jsse.jar:/Library/Java/JavaVirtualMachines/jdk1.8.0_131.jdk/Contents/Home/jre/lib/jce.jar:/Library/Java/JavaVirtualMachines/jdk1.8.0_131.jdk/Contents/Home/jre/lib/charsets.jar:/Library/Java/JavaVirtualMachines/jdk1.8.0_131.jdk/Contents/Home/jre/lib/jfr.jar:/Library/Java/JavaVirtualMachines/jdk1.8.0_131.jdk/Contents/Home/jre/classes"/>
    <property name="java.vendor" value="Oracle Corporation"/>
    <property name="maven.home" value="/usr/local/Cellar/maven/3.5.0/libexec"/>
    <property name="file.separator" value="/"/>
    <property name="java.vendor.url.bug" value="http://bugreport.sun.com/bugreport/"/>
    <property name="sun.cpu.endian" value="little"/>
    <property name="sun.io.unicode.encoding" value="UnicodeBig"/>
    <property name="socksNonProxyHosts" value="local|*.local|169.254/16|*.169.254/16"/>
    <property name="ftp.nonProxyHosts" value="local|*.local|169.254/16|*.169.254/16"/>
    <property name="sun.cpu.isalist" value=""/>
  </properties>
  <testcase classname="edu.ncsu.csc326.coffeemaker.InventoryTest" name="testUseIngredientsNullRecipe" time="0"/>
  <testcase classname="edu.ncsu.csc326.coffeemaker.InventoryTest" name="testGetSugar" time="0"/>
  <testcase classname="edu.ncsu.csc326.coffeemaker.InventoryTest" name="testAddMilkInvalidValue" time="0"/>
  <testcase classname="edu.ncsu.csc326.coffeemaker.InventoryTest" name="testAddMilkFloatValue" time="0"/>
  <testcase classname="edu.ncsu.csc326.coffeemaker.InventoryTest" name="testEnoughIngredientsNullRecipe" time="0"/>
  <testcase classname="edu.ncsu.csc326.coffeemaker.InventoryTest" name="testToString" time="0"/>
  <testcase classname="edu.ncsu.csc326.coffeemaker.InventoryTest" name="testUseIngredientsNoMilk" time="0"/>
  <testcase classname="edu.ncsu.csc326.coffeemaker.InventoryTest" name="testUseIngredientsNoChocolate" time="0"/>
  <testcase classname="edu.ncsu.csc326.coffeemaker.InventoryTest" name="testSetChocolateZeroValue" time="0"/>
  <testcase classname="edu.ncsu.csc326.coffeemaker.InventoryTest" name="testAddMilkZeroValue" time="0"/>
  <testcase classname="edu.ncsu.csc326.coffeemaker.InventoryTest" name="testAddCoffeeZeroValue" time="0"/>
  <testcase classname="edu.ncsu.csc326.coffeemaker.InventoryTest" name="testAddCoffeeFloatValue" time="0"/>
  <testcase classname="edu.ncsu.csc326.coffeemaker.InventoryTest" name="testAddSugarInvalidValue" time="0"/>
  <testcase classname="edu.ncsu.csc326.coffeemaker.InventoryTest" name="testGetMilk" time="0"/>
  <testcase classname="edu.ncsu.csc326.coffeemaker.InventoryTest" name="testEnoughIngredientsNoCoffee" time="0"/>
  <testcase classname="edu.ncsu.csc326.coffeemaker.InventoryTest" name="testAddMilkPosValue" time="0"/>
  <testcase classname="edu.ncsu.csc326.coffeemaker.InventoryTest" name="testSetCoffeeZeroValue" time="0"/>
  <testcase classname="edu.ncsu.csc326.coffeemaker.InventoryTest" name="testAddMilkNegValue" time="0"/>
  <testcase classname="edu.ncsu.csc326.coffeemaker.InventoryTest" name="testAddChocolatePosValue" time="0"/>
  <testcase classname="edu.ncsu.csc326.coffeemaker.InventoryTest" name="testAddSugarPosValue" time="0"/>
  <testcase classname="edu.ncsu.csc326.coffeemaker.InventoryTest" name="testAddChocolateNegValue" time="0"/>
  <testcase classname="edu.ncsu.csc326.coffeemaker.InventoryTest" name="testAddCoffeeInvalidValue" time="0"/>
  <testcase classname="edu.ncsu.csc326.coffeemaker.InventoryTest" name="testSetMilkPosValue" time="0"/>
  <testcase classname="edu.ncsu.csc326.coffeemaker.InventoryTest" name="testAddSugarNegValue" time="0"/>
  <testcase classname="edu.ncsu.csc326.coffeemaker.InventoryTest" name="testSetMilkZeroValue" time="0"/>
  <testcase classname="edu.ncsu.csc326.coffeemaker.InventoryTest" name="testAddChocolateZeroValue" time="0"/>
  <testcase classname="edu.ncsu.csc326.coffeemaker.InventoryTest" name="testSetMilkNegValue" time="0"/>
  <testcase classname="edu.ncsu.csc326.coffeemaker.InventoryTest" name="testDefaultInventoryConstructor" time="0"/>
  <testcase classname="edu.ncsu.csc326.coffeemaker.InventoryTest" name="testEnoughIngredientsTrue" time="0"/>
  <testcase classname="edu.ncsu.csc326.coffeemaker.InventoryTest" name="testAddSugarZeroValue" time="0"/>
  <testcase classname="edu.ncsu.csc326.coffeemaker.InventoryTest" name="testUseIngredientsTrue" time="0"/>
  <testcase classname="edu.ncsu.csc326.coffeemaker.InventoryTest" name="testAddCoffeePosValue" time="0"/>
  <testcase classname="edu.ncsu.csc326.coffeemaker.InventoryTest" name="testGetCoffee" time="0"/>
  <testcase classname="edu.ncsu.csc326.coffeemaker.InventoryTest" name="testAddCoffeeNegValue" time="0"/>
  <testcase classname="edu.ncsu.csc326.coffeemaker.InventoryTest" name="testEnoughIngredientsNoMilk" time="0"/>
  <testcase classname="edu.ncsu.csc326.coffeemaker.InventoryTest" name="testUseIngredientsNoSugar" time="0"/>
  <testcase classname="edu.ncsu.csc326.coffeemaker.InventoryTest" name="testAddChocolateFloatValue" time="0"/>
  <testcase classname="edu.ncsu.csc326.coffeemaker.InventoryTest" name="testEnoughIngredientsNoChocolate" time="0"/>
  <testcase classname="edu.ncsu.csc326.coffeemaker.InventoryTest" name="testAddChocolateInvalidValue" time="0"/>
  <testcase classname="edu.ncsu.csc326.coffeemaker.InventoryTest" name="testSetSugarZeroValue" time="0"/>
  <testcase classname="edu.ncsu.csc326.coffeemaker.InventoryTest" name="testGetChocolate" time="0"/>
  <testcase classname="edu.ncsu.csc326.coffeemaker.InventoryTest" name="testSetCoffeePosValue" time="0"/>
  <testcase classname="edu.ncsu.csc326.coffeemaker.InventoryTest" name="testSetSugarPosValue" time="0"/>
  <testcase classname="edu.ncsu.csc326.coffeemaker.InventoryTest" name="testUseIngredientsNoCoffee" time="0"/>
  <testcase classname="edu.ncsu.csc326.coffeemaker.InventoryTest" name="testSetChocolatePosValue" time="0"/>
  <testcase classname="edu.ncsu.csc326.coffeemaker.InventoryTest" name="testSetCoffeeNegValue" time="0"/>
  <testcase classname="edu.ncsu.csc326.coffeemaker.InventoryTest" name="testSetSugarNegValue" time="0"/>
  <testcase classname="edu.ncsu.csc326.coffeemaker.InventoryTest" name="testEnoughIngredientsNoSugar" time="0"/>
  <testcase classname="edu.ncsu.csc326.coffeemaker.InventoryTest" name="testSetChocolateNegValue" time="0"/>
  <testcase classname="edu.ncsu.csc326.coffeemaker.InventoryTest" name="testAddSugarFloatValue" time="0.001"/>
</testsuite>